2025-07-29 22:59:00,463 - WARNING: Using CPU. Note: This module is much faster with a GPU.
2025-07-29 23:16:14,274 - INFO: capturou imagem do mercado...
2025-07-29 23:16:14,331 - INFO: Analisando imagem...
2025-07-29 23:16:46,344 - INFO: imagem analisada!
2025-07-29 23:18:33,650 - INFO: Analisando imagem...
2025-07-29 23:19:02,720 - INFO: imagem analisada!
2025-07-29 23:19:21,790 - INFO: Back @1.35
Lay @1.36
GAP de 0 tick(s)
----------------
2025-07-29 23:25:18,236 - INFO: capturou imagem do mercado...
2025-07-29 23:25:18,270 - INFO: Analisando imagem...
2025-07-29 23:25:53,032 - INFO: imagem analisada!
2025-07-29 23:27:16,713 - INFO: Back @1.13
Lay @1.14
GAP de 0 tick(s)
----------------
2025-07-29 23:31:07,808 - INFO: Back @1.13
Lay @1.14
GAP de 0 tick(s)
----------------
2025-07-29 23:31:39,727 - INFO: capturou imagem do mercado...
2025-07-29 23:31:39,758 - INFO: Analisando imagem...
2025-07-29 23:32:10,541 - INFO: imagem analisada!
2025-07-29 23:32:16,781 - INFO: Back @1.13
Lay @1.15
GAP de 1 tick(s)
----------------
2025-07-29 23:54:02,457 - INFO: capturou imagem do mercado...
2025-07-29 23:54:02,494 - INFO: Analisando imagem...
2025-07-29 23:54:34,012 - INFO: imagem analisada!
2025-07-29 23:54:36,027 - INFO: Back @1.11
Lay @1.12
GAP de 0 tick(s)
----------------
2025-07-29 23:58:42,906 - INFO: centralizou ladder
2025-07-29 23:58:43,948 - INFO: capturou imagem do mercado...
2025-07-29 23:58:57,197 - INFO: centralizou ladder
2025-07-29 23:58:58,240 - INFO: capturou imagem do mercado...
2025-07-30 00:00:10,662 - INFO: capturou imagem do mercado...
2025-07-30 00:00:35,354 - INFO: capturou imagem do mercado...
2025-07-30 00:00:56,280 - INFO: capturou imagem do mercado...
2025-07-30 00:01:05,611 - INFO: capturou imagem do mercado...
2025-07-30 00:01:14,808 - INFO: capturou imagem do mercado...
2025-07-30 00:01:20,837 - INFO: Analisando imagem...
2025-07-30 00:01:50,887 - INFO: imagem analisada!
2025-07-30 00:01:52,238 - INFO: Back @1.52
Lay @1.54
GAP de 1 tick(s)
----------------
2025-07-30 00:16:53,534 - INFO: capturou imagem do mercado...
2025-07-30 00:16:57,784 - INFO: Analisando imagem...
2025-07-30 00:17:27,436 - INFO: imagem analisada!
2025-07-30 00:19:23,853 - INFO: Back @1.43
Lay @1.44
GAP de 0 tick(s)
----------------
2025-07-30 00:29:11,980 - INFO: capturou imagem do mercado...
2025-07-30 00:29:19,888 - INFO: capturou imagem do mercado...
2025-07-30 00:29:26,517 - INFO: Analisando imagem...
2025-07-30 00:29:48,823 - INFO: imagem analisada!
2025-07-30 00:30:02,333 - INFO: Back @4.4
Lay @4.5
GAP de 0 tick(s)
----------------
2025-07-30 00:31:58,070 - INFO: centralizou ladder
2025-07-30 00:31:59,114 - INFO: capturou imagem do mercado...
2025-07-30 00:31:59,144 - INFO: Analisando imagem...
2025-07-30 00:32:24,771 - INFO: imagem analisada!
2025-07-30 00:32:26,740 - INFO: Back @4.4
Lay @4.7
GAP de 2 tick(s)
----------------
